Date: 2026-04-08
Python: 3.14.3
numpy: 2.4.3, pandas: 2.3.3, scipy: 1.17.1
statsmodels: 0.14.6

Loaded: 4940 participants, 19 columns

============================================================
PART A: Table 1 — Baseline Characteristics by BMI Category
============================================================
Analysis sample (excluding underweight): 4866

--- Table 1. Baseline Characteristics ---

| Variable                        | Normal        | Overweight    | Obese         | Overall       | p-value   |
|:--------------------------------|:--------------|:--------------|:--------------|:--------------|:----------|
| n                               | 1189          | 1593          | 2084          | 4866          |           |
| Age (years), mean +/- SD        | 49.5 +/- 19.3 | 53.5 +/- 17.1 | 51.2 +/- 16.7 | 51.5 +/- 17.6 | <0.001    |
| Female, n (%)                   | 647 (54.4%)   | 737 (46.3%)   | 1142 (54.8%)  | 2526 (51.9%)  | <0.001    |
| Race/ethnicity, n (%)           |               |               |               |               | <0.001    |
| Non-Hispanic White              | 409 (34.4%)   | 521 (32.7%)   | 759 (36.4%)   | 1689 (34.7%)  |           |
| Non-Hispanic Black              | 242 (20.4%)   | 300 (18.8%)   | 570 (27.4%)   | 1112 (22.9%)  |           |
| Non-Hispanic Asian              | 304 (25.6%)   | 267 (16.8%)   | 114 (5.5%)    | 685 (14.1%)   |           |
| Mexican American                | 93 (7.8%)     | 240 (15.1%)   | 333 (16.0%)   | 666 (13.7%)   |           |
| Other Hispanic                  | 81 (6.8%)     | 199 (12.5%)   | 188 (9.0%)    | 468 (9.6%)    |           |
| Other/Multi-Racial              | 60 (5.0%)     | 66 (4.1%)     | 120 (5.8%)    | 246 (5.1%)    |           |
| BMI (kg/m2), mean +/- SD        | 22.4 +/- 1.7  | 27.4 +/- 1.4  | 36.5 +/- 6.3  | 30.1 +/- 7.3  | <0.001    |
| HbA1c (%), mean +/- SD          | 5.60 +/- 0.88 | 5.85 +/- 1.12 | 6.05 +/- 1.17 | 5.87 +/- 1.10 | <0.001    |
| Diabetes (HbA1c >= 6.5%), n (%) | 89 (7.5%)     | 221 (13.9%)   | 414 (19.9%)   | 724 (14.9%)   | <0.001    |
| Glycemic status, n (%)          |               |               |               |               | <0.001    |
| Normal                          | 809 (68.0%)   | 881 (55.3%)   | 931 (44.7%)   | 2621 (53.9%)  |           |
| Prediabetes                     | 291 (24.5%)   | 491 (30.8%)   | 739 (35.5%)   | 1521 (31.3%)  |           |
| Diabetes                        | 89 (7.5%)     | 221 (13.9%)   | 414 (19.9%)   | 724 (14.9%)   |           |

Saved: output/table1.csv

============================================================
PART B: Survey-Weighted Diabetes Prevalence by BMI Category
============================================================


| BMI Category   |    n |   n diabetes |   Unweighted prevalence (%) |   Weighted prevalence (%) |   95% CI lower |   95% CI upper |
|:---------------|-----:|-------------:|----------------------------:|--------------------------:|---------------:|---------------:|
| Normal         | 1189 |           89 |                         7.5 |                       4.1 |            6.1 |            9.1 |
| Overweight     | 1593 |          221 |                        13.9 |                       8.8 |           12.3 |           15.7 |
| Obese          | 2084 |          414 |                        19.9 |                      14.7 |           18.2 |           21.6 |
| Overall        | 4866 |          724 |                        14.9 |                      10.2 |           13.9 |           15.9 |

Saved: output/prevalence_by_bmi.csv

============================================================
PART C: Weighted Logistic Regression
============================================================
Regression sample: 4857

--- Model 1: Unadjusted ---

               Coef.  Std.Err.            z  P>|z|    [0.025    0.975]
const      -3.157546  0.000683 -4626.086706    0.0 -3.158884 -3.156208
overweight  0.814989  0.000801  1017.763627    0.0  0.813420  0.816559
obese       1.398462  0.000740  1889.228288    0.0  1.397011  1.399913

--- Model 2: Adjusted (age, sex, race, education) ---

                       Coef.  Std.Err.            z  P>|z|    [0.025    0.975]
const              -6.330490  0.001326 -4774.043244    0.0 -6.333089 -6.327891
overweight          0.721294  0.000835   863.784762    0.0  0.719657  0.722930
obese               1.503677  0.000789  1906.346869    0.0  1.502131  1.505223
age                 0.055214  0.000016  3426.053573    0.0  0.055182  0.055245
female             -0.362558  0.000472  -767.426389    0.0 -0.363484 -0.361632
Non_Hispanic_Black  0.608007  0.000700   868.183209    0.0  0.606634  0.609379
Non_Hispanic_Asian  1.087365  0.000959  1133.790822    0.0  1.085485  1.089245
Mexican_American    0.455708  0.000852   534.820513    0.0  0.454038  0.457378
edu_less_hs         0.439907  0.000773   568.868162    0.0  0.438391  0.441422
edu_hs              0.226185  0.000631   358.546808    0.0  0.224949  0.227422
edu_some_college    0.036775  0.000633    58.075918    0.0  0.035534  0.038016

--- Odds Ratios: Model 1 (Unadjusted) ---

| Variable             |   OR | 95% CI    | p-value   |
|:---------------------|-----:|:----------|:----------|
| Overweight vs Normal | 2.26 | 2.26-2.26 | <0.001    |
| Obese vs Normal      | 4.05 | 4.04-4.05 | <0.001    |

--- Odds Ratios: Model 2 (Adjusted) ---

| Variable                     |   OR | 95% CI    | p-value   |
|:-----------------------------|-----:|:----------|:----------|
| Overweight vs Normal         | 2.06 | 2.05-2.06 | <0.001    |
| Obese vs Normal              | 4.5  | 4.49-4.51 | <0.001    |
| Age (per year)               | 1.06 | 1.06-1.06 | <0.001    |
| Female vs Male               | 0.7  | 0.70-0.70 | <0.001    |
| NH Black vs NH White         | 1.84 | 1.83-1.84 | <0.001    |
| NH Asian vs NH White         | 2.97 | 2.96-2.97 | <0.001    |
| Mexican American vs NH White | 1.58 | 1.57-1.58 | <0.001    |

Saved: output/regression_results.csv

============================================================
PART D: Figures
============================================================
Traceback (most recent call last):
  File "/Users/eugene/workspace/6_Aperivue/medical-research-skills/demo/03_nhanes_obesity/02_analyze.py", line 358, in <module>
    ax.errorbar(categories, prev_vals, yerr=[yerr_lo, yerr_hi],
    ~~~~~~~~~~~^^^^^^^^^^^^^^^^^^^^^^^^^^^^^^^^^^^^^^^^^^^^^^^^
                fmt="none", color="black", capsize=4, linewidth=1.2)
                ^^^^^^^^^^^^^^^^^^^^^^^^^^^^^^^^^^^^^^^^^^^^^^^^^^^^
  File "/opt/homebrew/lib/python3.14/site-packages/matplotlib/_api/deprecation.py", line 453, in wrapper
    return func(*args, **kwargs)
  File "/opt/homebrew/lib/python3.14/site-packages/matplotlib/__init__.py", line 1524, in inner
    return func(
        ax,
        *map(cbook.sanitize_sequence, args),
        **{k: cbook.sanitize_sequence(v) for k, v in kwargs.items()})
  File "/opt/homebrew/lib/python3.14/site-packages/matplotlib/axes/_axes.py", line 3825, in errorbar
    raise ValueError(
        f"'{dep_axis}err' must not contain negative values")
ValueError: 'yerr' must not contain negative values
